Named entities of file:	10481.data.txt

PER tag:
Dictámen 3623 1.- Esa COMPIN
caída
Del
Al
consultó médico
2.- Requerida
según
requerir atención
3.- Sobre
cabe
indubitable
sólo aparece
deberá otorgar


ORG tag:
día siguiente
Asociación
investigación de
Informe Técnico N°48/2004 acompaña
afectada desempeñó
empleadora
empresa manifestó
policlínico se
con hálito alcohólico
artículo 5° inciso
ley N°16.744 dispone
Departamento Médico de
caída en
lesión se
infortunio ocurrió en
Superintendencia dictamina
COMPIN
prestaciones médicas y pecuniarias a


LOC tag:
la enfermería de
Trayecto
días y
la Mutualidad
Enfermedad o
prevención de riesgos
La trabajadora señaló
la investigación del infortunio de
las 3.00 horas del día 29
alcohol
ocasión del
la víctima
la lesión presentada
la articulación interfalángica
el diagnóstico `` Contusión y Esguince IF pulgar izquierdo ''
caída
la habitación de
ocasión del
la Ley N° 16.744
reposo
origen común
