Named entities of file:	10722.data.txt

PER tag:
Dictámen 3724 Esa Comisión
Señala
preceptúa
''
Agrega
también
N° 101
`` Le corresponderá conocer
N° 101
N° 101
resolverá
CEIAT- considera
éste no
digan relación
N° 101
digan relación


ORG tag:
aplicación de
orden médico ''
Oficio N° 45.098
citado artículo 77
competencia
calificación
Comisión Médica
orden médico
Previsión Social
decisiones recaídas en
orden médico
citado D.S
correspondiente Comisión Médica -COMPIN-
Organismo Administrador a
aludido D.S
entidad empleadora ,
Organismo Fiscalizador
afección presentada
correspondiente reclamación la
será apelable
pertinente reclamación deberá
citado D.S
órdenes de reposo


LOC tag:
calificación de patologías y determinación de incapacidades permanentes
el
la Ley N°16.744
`` cuestiones
el
``
el carácter de la afección
evaluaciones
reevaluaciones o
incapacidades presumiblemente
la calificación del origen
común
las patologías
el Ordinario N° 25.776
las COMPIN o
las Mutualidades de Empleadores recaídas
comento
menester
Ministerio del Trabajo y
`` La Comisión Médica de Reclamos tendrá competencia
incapacidades permanentes
enfermedades profesionales.. ''
conocerá de
el artículo 72
corresponderá
los Organismos Administradores del Seguro Social
el artículo 58
la calificación de
el
el artículo 72
la indicación de Alta prematura
incapacidades temporales
