Named entities of file:	10722.data.txt

PER tag:
Dictámen 3724 Esa Comisión
`` cuestiones
``
reevaluaciones o
también
menester
N° 101
`` La Comisión Médica de Reclamos tendrá competencia
enfermedades profesionales.. ''
`` Le corresponderá conocer
conocerá
N° 101
corresponderá
letra b
N° 101
podrá recurrir
CEIAT- considera
efectuar algún examen
letra b
N° 101
incapacidades temporales


ORG tag:
aplicación de
artículo 77
reclamaciones relativas a
artículo 77 bis del
carácter de la afección
licencia médica
reposo
citado artículo 77
evaluaciones
calificación del origen
común
laboral
patologías
competencia
COMPIN
Mutualidades de Empleadores recaídas en
atribuciones para
cuerpo legal en
Ministerio del Trabajo
Previsión Social
decisiones recaídas en
artículo 42
``
artículo 72
citado D.S
correspondiente Comisión Médica -COMPIN-
artículo 58
citado artículo 72
trabajador
entidad empleadora
afección presentada
correspondiente reclamación la
calificación
artículo 77 bis
organismo administrador se
pertinente reclamación deberá ser
artículo 72
citado D.S
indicación de Alta prematura
órdenes de
reposo


LOC tag:
calificación de patologías y
de incapacidades permanentes
materias
Señala
orden médico ''
''
Agrega
incapacidades presumiblemente
dicha calificación
orden médico
comento
ideas
orden médico
El artículo en
comento
conformidad
%
pronunciarse
la resolución pertinente
