Named entities of file:	12298.data.txt

PER tag:
Dictámen 44204 1.- Usted
calificó como
realizaron friegas
al día siguiente
solo inmovilizó
al día siguiente
Adjunta Certificados del
Resolución.. 2.-
Enfermedades Profesionales
3.- Requerido
refiriendo dolor agudo y
limitación funcional del pulgar derecho
enhuinchaba pallets
constatándose al
necesariamente debe
constata dicho


ORG tag:
Mutual
Resolución de
fecha 06 de
dedo pulgar derecho
Mutual
médico de turno
dedo
traumatólogo
Mutual
Sociedad recibió la atención médica correspondiente
atenciones médicas
Mutual debe brindar
extensión activa
maniobra de extensión activa
régimen común de
ocasión
lesión
expresión ``
precepto legal citado
calificación en
lesiones sufridas
análisis del Departamento Médico
incidente
06 de
lesión presentada
síntomas
Mutual
lesión
prestaciones médicas
sistema previsional común de


LOC tag:
la patología con diagnóstico de `` Ruptura cerrada del extensor largo pulgar derecho ''
manera espontánea en
packing
Expone
enhuinchado de pallets que
inmediato acudió al Policlínico de primera
continuó con
Viña del Mar
Centro de Salud
Agrega
origen común
Diabetes Mellitus
certificados médicos que
Señala
Viña del Mar
retináculo de la muñeca
origen común
diabetes
3.- Sobre
Conforme
dicha disposición
relación directa
causa ''
indubitable
víctima (
expresión `` con ocasión ''
comento ,
efecto
4.- En mérito de
