Named entities of file:	13710.data.txt

PER tag:
Dictámen 5183 Ha
pesados desempeñados
Orgánica del
Dicha disminución
Cabe hacer
también tienen
previsionalmente afectos


ORG tag:
Estado
Sindicato de Trabajadores del Establecimiento de la Compañía de Acero del Pacífico S.A. Nº 1
Ministerio de US
legislación actualmente
capitalización individual
artículo 38
D.S
Ministerio del Trabajo
Previsión Social
abono establecido
artículo 38
situación de disminución de
petición de


LOC tag:
US
opinión
previsión
US
efecto
jubilar
Nº681
1963
la pensión tengan
imposiciones
actividades mineras
fundición ,
Previsión de Empleados Particulares
jubilar
desempeñado
