Named entities of file:	15342.data.txt

PER tag:
Dictámen 63535 1.- Mediante presentación
solicitando se
N° XXXXX (
2.- Requerida esa
pudiendo
serían incorrectos
incurrió
implican fallas de
podrían estarse repitiendo
Por Resolución N° SP-06-2005
correspondiendo
aplicó sólo
debió incrementarse
resulta pertinente
necesarias tendientes


ORG tag:
suma
mencionada pensión de viudez
vista
recurrente
Instituto calculó correctamente la pensión
determinación de la pensión de viudez de la recurrente
beneficiaria
pensionadas
Sra
artículo 44
remuneraciones imponibles percibidas por
causante
enero
2005
período comprendido
factor 1,1757 correspondiente
indicado artículo 26
sueldo vital
ingreso mínimo para
pensión
Hoja de Cálculo respectiva
Instituto
1° de
regidas por
pensión del causante
pensión inicial de viudez de cálculo debió alcanzar
pensión de viudez de cálculo de $ 55.089 mensuales
$ 50.017,65 mensuales
bonificaciones establecidas
pensión de viudez
bonificaciones alcanzase el
1° de
pensión del causante
recurrente
pensión
bonificaciones correspondientes
Instituto para


LOC tag:
la determinación de la pensión de viudez
Q.E.P.D
2005-
efectuó
la documentación de
3.- Sobre
conformidad
efecto
XXXX una
de viudez de
de cónyuge sobreviviente del Sr. NN
raíz del
fecha
Estas remuneraciones se deflactaron según el artículo 4° del DL
N°3.501
viudez
$ 55.089 mensuales
fecha
19.403 y
19.539
4.- En mérito de
ésta
