Named entities of file:	5775.data.txt

PER tag:
Dictámen 18115 1.- Doña
diagnóstico `` fractura Hallex Derecha ''
diagnóstico `` Tr
Depresión Mayor ``
07 días
con
Adjunta copia
2.- De
según consta
habilita
N°2- 21937339 fue
otorgando reposo
situación inimputable
justificada médicamente
N°1-17522717 ,


ORG tag:
día 21
Servicio de Asistencia Pública de Salud
envió
Hospital Sótero del Río le
Hospital Padre Hurtado
Traumatólogo
día 27
Hospital Sótero del Río de
licencia médica N°1-17522717
Sección B
materia referida
artículo 11 del D.S
Ministerio de Salud
trabajador dependiente
reposo
licencia médica
presentación de
licencia médica por
trabajador
COMPIN
ISAPRE para rechazarla
artículo 54
trabajador acredite
inobservancia del
licencia médica se
período
especie
licencia médica reclamada
período de vigencia
documentación adjunta
Hospital Sótero del Río
Hospital Padre Hurtado
emisión
reposo
Sra.
licencia médica N°1- 17522717
Departamento Médico
licencias médicas N° 2- 21937339 y
Ministerio de Salud
interesada
entidad previsional que


LOC tag:
días
presentación fuera
N°1-17522717 ,
Expresa
reposo
licencia médica rechazada
radiografía
atención del Hospital Padre Hurtado
presentación fuera
diagnóstico ,
3.- Sobre
N°3
conformidad
días
días
hora
4.- En
la autorización de
doña
la concurrencia de
encontrarse médicamente justificada
conformidad
