Named entities of file:	10481.data.txt

PER tag:
Dictámen 3623 1.- Esa COMPIN
dio aviso al
Al día siguiente
consultó médico
libre elección
Accidente Común
2.- Requerida
dicha Asociación
según
atribuyendo ésta última
con hálito alcohólico
cabe señalar
Vale decir
Esguince IF pulgar izquierdo ''
sólo aparece
deberá otorgar


ORG tag:
calificación del
trabajadora
bandejas de
planta procesadora de salmones de
pulgar izquierdo
jefe
enfermería de
pulgar durante 6 días
Mutualidad
investigación de lo acontecido por
afectada desempeñó
trabajadora señaló al
aludidos
investigación del infortunio de
experto
empresa
día 29
escalera de
alcohol
policlínico se
ocasión del
causalidad directa
lesiones sufridas
víctima
Departamento Médico
caída
escalera de
bandejas
lesión presentada
dedo pulgar izquierdo
lesión se
vista
escala
habitación de
trabajadora
ocasión del
trabajadora
prestaciones médicas y


LOC tag:
habría ocurrido
caída con
día siguiente
Trayecto
días
días
prevención de riesgos
El paramédico de
requerir atención
día 29
3.- Sobre
reposo
origen común
