Named entities of file:	17783.data.txt

PER tag:
Dictámen 8701 La I. Corte de
Con
Oficio Nº 241
deberá entenderse


ORG tag:
mensualidades correspondientes
pensión asistencial de invalidez
Instituto previsional
año en
revisión
artículo 39
precepto legal citado precedentemente
resolución
Servicio
Oficio citado
resolución de caducidad del beneficio contendría
dictación de la respectiva resolución
Tribunales


LOC tag:
Apelaciones de Copiapó
relación al Recurso de Protección interpuesto
D.L
869
efecto
extinción de la
antecedentes
extinción del
consecuencia
