Named entities of file:	18108.data.txt

PER tag:
Dictámen 9292 1.- Mediante presentación de
`` Bono especial ''
considerarla ocasional
Cabe señalar


ORG tag:
ISAPRE
cálculo del subsidio
licencia médicas
ISAPRE para
cálculo del subsidio de
3/ de
remuneraciones imponibles
certificado de imposiciones de la AFP
subsidio
remuneraciones de febrero
ISAPRE no
interesado
vista
citada remuneración se
carácter de ocasional
interesado
COMPIN
interesado
observaciones hechas


LOC tag:
2.- Sobre
efecto
2014
la remuneración imponible
la remuneración percibida
3.- En
