Named entities of file:	12298.data.txt

PER tag:
Dictámen 44204 1.- Usted
Resolución de
calificó como
ocurrió
operario en
Expone
inmediato
Adjunta Certificados
Institución
determinó
Agrega
acompañó ,
3.- Requerido
Señala
3.- Sobre
Conforme
indubitable
informó
4.- En


ORG tag:
la patología con diagnóstico de `` Ruptura cerrada del extensor largo
derecho ''
al Policlínico
al
al
Honorable Diputado
Seguro Obligatorio contra Riesgos de Accidentes del Trabajo y Enfermedades Profesionales
laboralmente para
Sociedad recibió la atención médica correspondiente
Salud Pública
de Diabetes Mellitus
atenciones médicas
Mutual informó
enhuinchaba pallets
aparición espontánea
tendón extensor largo
artículo 5º de
lesión
expresión `` a causa '' )
expresión `` con ocasión '' )
derecho ''
lesión
prestaciones médicas


LOC tag:
la Mutual
manera espontánea
packing
enhuinchado de pallets
uvas
friegas
continuó
la Mutual
traumatólogo
Viña del Mar
Centro de Salud y Resolución.. 2.-
la Mutual
los médicos tratantes
origen común
Los Andes
Viña del Mar
constatándose
la interfalángica distal del pulgar
extensión activa
retináculo de la muñeca
diabetes
ocasión
disposición
relación directa
la víctima
(
análisis del Departamento Médico de
la lesión presentada
el diagnóstico `` Rotura cerrada de Extensor largo
síntomas
la Mutual
la Ley N°16.744
