Named entities of file:	13710.data.txt

PER tag:
Dictámen 5183 Ha
tendría
señalan
Nº681
Dicha disminución
también


ORG tag:
solicitado acompañar
misma razón proponen
Servicio de Seguro Social gozan
previsional específica de protección en
Previsión Social
la pensión tengan
Servicio de Seguro Social
edad exigida para jubilar
recurrentes debería tomarse


LOC tag:
US
opinión
la presentación efectuada
Estado
Sindicato de Trabajadores del Establecimiento de la Compañía de Acero del Pacífico S.A. Nº 1
el señor Jefe de Gabinete del Ministerio de
US
la legislación
las cotizaciones de previsión
la capitalización individual
US
el artículo 38
la Ley Nº 10.383
Orgánica del Servicio referido
jubilar
el D.S
Ministerio del Trabajo y
imposiciones
años
fundición
gozarán de
Previsión de Empleados Particulares
el artículo 38
la Ley Nº 10.383
pensiones
la petición de
