Named entities of file:	5775.data.txt

PER tag:
Dictámen 18115 1.- Doña
diagnóstico `` fractura Hallex Derecha ''
presentación
diagnóstico `` Tr
Depresión Mayor ``
Expresa
concurrió de
Adjunta copia
2.- De
presentación
3.- Sobre
N°3
N°2- 21937339
situación inimputable
4.-


ORG tag:
Servicio de Asistencia Pública de Salud
Subcomisión rechazó la licencia médica N°2-21937339
respectivos Formularios
presentación de
inciso 2° del mencionado artículo 54
trabajador acredite
Departamento Médico ,
Subcomisión modifique su
la autorización de
licencias médicas N° 2- 21937339 y N°1-17522717
entidad previsional que


LOC tag:
N°1-17522717
envió
Hospital Sótero del Río
radiografía y
Hospital Padre Hurtado
el Traumatólogo
el
reposo
fotocopia de
radiografía
Hospital Sótero del Río de
atención del Hospital Padre Hurtado
diagnóstico
según consta
la
Ministerio de Salud
trabajador
señalado
la COMPIN
la ISAPRE para rechazarla
el artículo 54
período
la documentación adjunta
Hospital Sótero del Río y
Hospital Padre Hurtado
días
la emisión
el día jueves
la Sra.
el médico tratante
doña
los términos del Art
D.S.N°3
Ministerio de Salud
