Named entities of file:	12953.data.txt

PER tag:
Dictámen 4786
Expone
cabe
necesariamente deberán acompañarse una


ORG tag:
artículos 2º y 3º de
articulo 2º de
tramitación de
permiso dará lugar
tramitación ''
nº 18.867 establece
Previsión Social
artículos 2º y 3º de


LOC tag:
resolución del
Punta Arenas
protección y tuición
adopción plena
los términos del título III
la Ley Nº18.703
el artículo 62
la Ley Nº 18.768
beneficio
adopción plena
el articulo 3º de
Ministerio del Trabajo y
el
la Ley Nº 18.469
niño menor
adopción plena
''
adopción plena
los términos titulo oí de
los términos del articulo 2º de
adopción plena
el
la Ley Nº 18.703
