Named entities of file:	15342.data.txt

PER tag:
Dictámen 63535 1.- Mediante presentación de
N° XXXXX (
2.- Requerida esa
utilizó y efectuó
3.- Sobre
serían incorrectos
podrían estarse repitiendo
XXXX una
éste
según
según el artículo 4° del DL
N°3.501
viudez
aplicó sólo
debió incrementarse
19.403 y 19.539
artículo 1° de
4.- En
ésta


ORG tag:
Superintendencia doña XXXX
la determinación de la pensión de viudez
concedió -originada por
mencionada pensión de viudez
la documentación de
más adelante
Instituto calculó correctamente
pensión
errores sí afecten a las pensionadas
Resolución N° SP-06-2005
Mutualidad otorgó a la Sra
de viudez de
de cónyuge sobreviviente del Sr. NN
77.076,54 mensuales
artículo 26
remuneraciones imponibles percibidas
período comprendido
factor 1,1757 correspondiente
indicado artículo 26
ingreso mínimo para
55.089 mensuales
Mutualidad
$ 50.017,65 mensuales
bonificaciones
77.076,54 mensuales
Superintendencia instruye


LOC tag:
2005-
procedimiento y cálculo
incurrió
la determinación de la pensión de viudez de
beneficiaria
raíz del
el
la Ley N°16.744
la variación experimentada
la pensión
143.089
100.162
Hoja de Cálculo respectiva
el artículo 1° de
1° de
pensión de orfandad
la pensión del causante
la pensión inicial de viudez de cálculo debió
los $ 50.081 mensuales
la pensión de viudez de cálculo de $ 55.089 mensuales
la pensión de viudez
la Ley N°15.386
1° de
la pensión del causante
la pensión
