Named entities of file:	17783.data.txt

PER tag:
Dictámen 8701 La I. Corte de Apelaciones de Copiapó
869
Oficio Nº 241
precedentemente
deberá entenderse


ORG tag:
Recurso de Protección interpuesto
señor Agente Local
Institución Previsional
Instituto previsional no
instrucciones impartidas
trámite aludido
Servicio
respectiva resolución
Servicio deberá adecuar


LOC tag:
relación al
las mensualidades correspondientes
la pensión asistencial de invalidez
D.L
año
la revisión
la Ley Nº 18.482
extinción de la pensión
la resolución
antecedentes
la resolución de caducidad del beneficio contendría
extinción del
la dictación de
los Tribunales
